Copyright 1986-2020 Xilinx, Inc. All Rights Reserved.
---------------------------------------------------------------------------------------------------------------------------------------------------------------
| Tool Version : Vivado v.2020.2 (win64) Build 3064766 Wed Nov 18 09:12:45 MST 2020
| Date         : Wed Aug 18 23:18:52 2021
| Host         : E124104 running 64-bit major release  (build 9200)
| Command      : report_drc -file arty_8bit_colour_wrapper_drc_opted.rpt -pb arty_8bit_colour_wrapper_drc_opted.pb -rpx arty_8bit_colour_wrapper_drc_opted.rpx
| Design       : arty_8bit_colour_wrapper
| Device       : xc7a35ticsg324-1L
| Speed File   : -1L
| Design State : Synthesized
---------------------------------------------------------------------------------------------------------------------------------------------------------------

Report DRC

Table of Contents
-----------------
1. REPORT SUMMARY
2. REPORT DETAILS

1. REPORT SUMMARY
-----------------
            Netlist: netlist
          Floorplan: design_1
      Design limits: <entire design considered>
           Ruledeck: default
             Max violations: <unlimited>
             Violations found: 2
+-------------+----------+-------------------------------------------------------------+------------+
| Rule        | Severity | Description                                                 | Violations |
+-------------+----------+-------------------------------------------------------------+------------+
| CFGBVS-1    | Warning  | Missing CFGBVS and CONFIG_VOLTAGE Design Properties         | 1          |
| PLHOLDVIO-2 | Warning  | Non-Optimal connections which could lead to hold violations | 1          |
+-------------+----------+-------------------------------------------------------------+------------+

2. REPORT DETAILS
-----------------
CFGBVS-1#1 Warning
Missing CFGBVS and CONFIG_VOLTAGE Design Properties  
Neither the CFGBVS nor CONFIG_VOLTAGE voltage property is set in the current_design.  Configuration bank voltage select (CFGBVS) must be set to VCCO or GND, and CONFIG_VOLTAGE must be set to the correct configuration voltage, in order to determine the I/O voltage support for the pins in bank 0.  It is suggested to specify these either using the 'Edit Device Properties' function in the GUI or directly in the XDC file using the following syntax:

 set_property CFGBVS value1 [current_design]
 #where value1 is either VCCO or GND

 set_property CONFIG_VOLTAGE value2 [current_design]
 #where value2 is the voltage provided to configuration bank 0

Refer to the device configuration user guide for more information.
Related violations: <none>

PLHOLDVIO-2#1 Warning
Non-Optimal connections which could lead to hold violations  
A LUT arty_8bit_colour_i/vga_timing_0/inst/vsync_i_2 is driving clock pin of 11 cells. This could lead to large hold time violations. Involved cells are:
arty_8bit_colour_i/vga_timing_0/inst/vcount_reg[0],
arty_8bit_colour_i/vga_timing_0/inst/vcount_reg[1],
arty_8bit_colour_i/vga_timing_0/inst/vcount_reg[2],
arty_8bit_colour_i/vga_timing_0/inst/vcount_reg[3],
arty_8bit_colour_i/vga_timing_0/inst/vcount_reg[4],
arty_8bit_colour_i/vga_timing_0/inst/vcount_reg[5],
arty_8bit_colour_i/vga_timing_0/inst/vcount_reg[6],
arty_8bit_colour_i/vga_timing_0/inst/vcount_reg[7],
arty_8bit_colour_i/vga_timing_0/inst/vcount_reg[8],
arty_8bit_colour_i/vga_timing_0/inst/vcount_reg[9]
arty_8bit_colour_i/vga_timing_0/inst/vsync_reg
Related violations: <none>


